{
  "stats": {
    "suites": 1,
    "tests": 3,
    "passes": 1,
    "pending": 0,
    "failures": 2,
    "start": "2021-05-06T07:26:06.141Z",
    "end": "2021-05-06T07:27:39.037Z",
    "duration": 88846,
    "testsRegistered": 3,
    "passPercent": 33.333333333333336,
    "pendingPercent": 0,
    "other": 0,
    "hasOther": false,
    "skipped": 0,
    "hasSkipped": false
  },
  "results": [
    {
      "uuid": "3df98183-bfa0-4af5-9b08-39810fe848b9",
      "title": "",
      "fullFile": "cypress\\integration\\register.spec.js",
      "file": "cypress\\integration\\register.spec.js",
      "beforeHooks": [],
      "afterHooks": [],
      "tests": [],
      "suites": [
        {
          "uuid": "8d8c03e4-970f-4c78-a180-336ce8a96f37",
          "title": "tests register",
          "fullFile": "",
          "file": "",
          "beforeHooks": [],
          "afterHooks": [],
          "tests": [
            {
              "title": "register fail, wrong email",
              "fullTitle": "tests register register fail, wrong email",
              "timedOut": null,
              "duration": 31658,
              "state": "failed",
              "speed": null,
              "pass": false,
              "fail": true,
              "pending": false,
              "context": null,
              "code": "cy.get(\"#email-signup\").type(\"fjfufjku\");\ncy.get(\"#firstName-signup\").type('syntia');\ncy.get(\"#lastName-signup\").type('messaoudi');\ncy.get(\"#password-signup\").type('Sm2021++');\ncy.get('[type=\"checkbox\"]').check({\n  force: true\n});\ncy.get('[data-test=signup-submit-button]').click();\ncy.url().should('contain', '/dashboard/register');",
              "err": {
                "message": "AssertionError: Timed out retrying after 4000ms: expected 'https://preprod.backmarket.fr/register' to include '/dashboard/register'",
                "estack": "AssertionError: Timed out retrying after 4000ms: expected 'https://preprod.backmarket.fr/register' to include '/dashboard/register'\n    at Context.eval (https://preprod.backmarket.fr/__cypress/tests?p=cypress\\integration\\register.spec.js:113:14)",
                "diff": null
              },
              "uuid": "ba6191dc-6adf-48e1-bc1b-ffa7c171e379",
              "parentUUID": "8d8c03e4-970f-4c78-a180-336ce8a96f37",
              "isHook": false,
              "skipped": false
            },
            {
              "title": "register fail, wrong password",
              "fullTitle": "tests register register fail, wrong password",
              "timedOut": null,
              "duration": 26138,
              "state": "passed",
              "speed": "slow",
              "pass": true,
              "fail": false,
              "pending": false,
              "context": null,
              "code": "cy.get(\"#email-signup\").type(\"syntiamad06@gmail.com\");\ncy.get(\"#firstName-signup\").type('syntia');\ncy.get(\"#lastName-signup\").type('messaoudi');\ncy.get(\"#password-signup\").type('Sm2021');\ncy.get('[type=\"checkbox\"]').check({\n  force: true\n});\ncy.get('[data-test=signup-submit-button]').click();\ncy.get('[data-test=signup-component]').should('contain', 'Merci de saisir un mot de passe valide');",
              "err": {},
              "uuid": "c226b5d4-ce72-4180-9940-7e87c6be105a",
              "parentUUID": "8d8c03e4-970f-4c78-a180-336ce8a96f37",
              "isHook": false,
              "skipped": false
            },
            {
              "title": "register ok",
              "fullTitle": "tests register register ok",
              "timedOut": null,
              "duration": 31050,
              "state": "failed",
              "speed": null,
              "pass": false,
              "fail": true,
              "pending": false,
              "context": null,
              "code": "cy.get(\"#email-signup\").type(\"syntiamad06@gmail.com\");\ncy.get(\"#firstName-signup\").type('syntia');\ncy.get(\"#lastName-signup\").type('messaoudi');\ncy.get(\"#password-signup\").type('Sm2021++');\ncy.get('[type=\"checkbox\"]').check({\n  force: true\n});\ncy.get('[data-test=signup-submit-button]').click();\ncy.url().should('contain', '/dashboard/register');",
              "err": {
                "message": "AssertionError: Timed out retrying after 4000ms: expected 'https://preprod.backmarket.fr/register' to include '/dashboard/register'",
                "estack": "AssertionError: Timed out retrying after 4000ms: expected 'https://preprod.backmarket.fr/register' to include '/dashboard/register'\n    at Context.eval (https://preprod.backmarket.fr/__cypress/tests?p=cypress\\integration\\register.spec.js:135:14)",
                "diff": null
              },
              "uuid": "617493a1-6bda-40c3-8061-dca657fc2279",
              "parentUUID": "8d8c03e4-970f-4c78-a180-336ce8a96f37",
              "isHook": false,
              "skipped": false
            }
          ],
          "suites": [],
          "passes": [
            "c226b5d4-ce72-4180-9940-7e87c6be105a"
          ],
          "failures": [
            "ba6191dc-6adf-48e1-bc1b-ffa7c171e379",
            "617493a1-6bda-40c3-8061-dca657fc2279"
          ],
          "pending": [],
          "skipped": [],
          "duration": 88846,
          "root": false,
          "rootEmpty": false,
          "_timeout": 2000
        }
      ],
      "passes": [],
      "failures": [],
      "pending": [],
      "skipped": [],
      "duration": 0,
      "root": true,
      "rootEmpty": true,
      "_timeout": 2000
    }
  ],
  "meta": {
    "mocha": {
      "version": "7.0.1"
    },
    "mochawesome": {
      "options": {
        "quiet": false,
        "reportFilename": "mochawesome",
        "saveHtml": false,
        "saveJson": true,
        "consoleReporter": "spec",
        "useInlineDiffs": false,
        "code": true
      },
      "version": "6.2.2"
    },
    "marge": {
      "options": {
        "reportDir": "cypress/results",
        "overwrite": false,
        "html": false,
        "json": true
      },
      "version": "5.2.0"
    }
  }
}