{
  "stats": {
    "suites": 1,
    "tests": 3,
    "passes": 1,
    "pending": 0,
    "failures": 2,
    "start": "2021-05-04T07:31:34.651Z",
    "end": "2021-05-04T07:33:08.108Z",
    "duration": 93457,
    "testsRegistered": 3,
    "passPercent": 33.33333333333333,
    "pendingPercent": 0,
    "other": 0,
    "hasOther": false,
    "skipped": 0,
    "hasSkipped": false
  },
  "results": [
    {
      "uuid": "c8593982-2208-448d-98aa-b3efb6a3a259",
      "title": "",
      "fullFile": "cypress\\integration\\register.spec.js",
      "file": "cypress\\integration\\register.spec.js",
      "beforeHooks": [],
      "afterHooks": [],
      "tests": [],
      "suites": [
        {
          "uuid": "2ef48425-1bdb-40d0-a286-cb8c1a6b4361",
          "title": "tests register",
          "fullFile": "",
          "file": "",
          "beforeHooks": [],
          "afterHooks": [],
          "tests": [
            {
              "title": "register fail, wrong email",
              "fullTitle": "tests register register fail, wrong email",
              "timedOut": null,
              "duration": 32332,
              "state": "failed",
              "speed": null,
              "pass": false,
              "fail": true,
              "pending": false,
              "context": null,
              "code": "cy.get(\"#email-signup\").type(\"fjfufjku\");\ncy.get(\"#firstName-signup\").type('syntia');\ncy.get(\"#lastName-signup\").type('messaoudi');\ncy.get(\"#password-signup\").type('Sm2021++');\ncy.get('[type=\"checkbox\"]').check({\n  force: true\n});\ncy.get('[data-test=signup-submit-button]').click();\ncy.url().should('contain', '/dashboard/register');",
              "err": {
                "message": "AssertionError: Timed out retrying after 4000ms: expected 'https://preprod.backmarket.fr/register' to include '/dashboard/register'",
                "estack": "AssertionError: Timed out retrying after 4000ms: expected 'https://preprod.backmarket.fr/register' to include '/dashboard/register'\n    at Context.eval (https://preprod.backmarket.fr/__cypress/tests?p=cypress\\integration\\register.spec.js:113:14)",
                "diff": null
              },
              "uuid": "6dc1046d-9721-4e1a-955e-4718c7776edd",
              "parentUUID": "2ef48425-1bdb-40d0-a286-cb8c1a6b4361",
              "isHook": false,
              "skipped": false
            },
            {
              "title": "register fail, wrong password",
              "fullTitle": "tests register register fail, wrong password",
              "timedOut": null,
              "duration": 26660,
              "state": "passed",
              "speed": "slow",
              "pass": true,
              "fail": false,
              "pending": false,
              "context": null,
              "code": "cy.get(\"#email-signup\").type(\"syntiamad06@gmail.com\");\ncy.get(\"#firstName-signup\").type('syntia');\ncy.get(\"#lastName-signup\").type('messaoudi');\ncy.get(\"#password-signup\").type('Sm2021');\ncy.get('[type=\"checkbox\"]').check({\n  force: true\n});\ncy.get('[data-test=signup-submit-button]').click();\ncy.get('[data-test=signup-component]').should('contain', 'Merci de saisir un mot de passe valide');",
              "err": {},
              "uuid": "e5767249-b649-47ee-b6a6-2c9197cb7f84",
              "parentUUID": "2ef48425-1bdb-40d0-a286-cb8c1a6b4361",
              "isHook": false,
              "skipped": false
            },
            {
              "title": "register ok",
              "fullTitle": "tests register register ok",
              "timedOut": null,
              "duration": 31458,
              "state": "failed",
              "speed": null,
              "pass": false,
              "fail": true,
              "pending": false,
              "context": null,
              "code": "cy.get(\"#email-signup\").type(\"syntiamad06@gmail.com\");\ncy.get(\"#firstName-signup\").type('syntia');\ncy.get(\"#lastName-signup\").type('messaoudi');\ncy.get(\"#password-signup\").type('Sm2021++');\ncy.get('[type=\"checkbox\"]').check({\n  force: true\n});\ncy.get('[data-test=signup-submit-button]').click();\ncy.url().should('contain', '/dashboard/register');",
              "err": {
                "message": "AssertionError: Timed out retrying after 4000ms: expected 'https://preprod.backmarket.fr/register' to include '/dashboard/register'",
                "estack": "AssertionError: Timed out retrying after 4000ms: expected 'https://preprod.backmarket.fr/register' to include '/dashboard/register'\n    at Context.eval (https://preprod.backmarket.fr/__cypress/tests?p=cypress\\integration\\register.spec.js:135:14)",
                "diff": null
              },
              "uuid": "580e06e3-b703-4a70-a5f5-12272dc99070",
              "parentUUID": "2ef48425-1bdb-40d0-a286-cb8c1a6b4361",
              "isHook": false,
              "skipped": false
            }
          ],
          "suites": [],
          "passes": [
            "e5767249-b649-47ee-b6a6-2c9197cb7f84"
          ],
          "failures": [
            "6dc1046d-9721-4e1a-955e-4718c7776edd",
            "580e06e3-b703-4a70-a5f5-12272dc99070"
          ],
          "pending": [],
          "skipped": [],
          "duration": 90450,
          "root": false,
          "rootEmpty": false,
          "_timeout": 2000
        }
      ],
      "passes": [],
      "failures": [],
      "pending": [],
      "skipped": [],
      "duration": 0,
      "root": true,
      "rootEmpty": true,
      "_timeout": 2000
    }
  ],
  "meta": {
    "mocha": {
      "version": "7.0.1"
    },
    "mochawesome": {
      "options": {
        "quiet": false,
        "reportFilename": "mochawesome",
        "saveHtml": false,
        "saveJson": true,
        "consoleReporter": "spec",
        "useInlineDiffs": false,
        "code": true
      },
      "version": "6.2.2"
    },
    "marge": {
      "options": {
        "reportDir": "cypress/results",
        "overwrite": false,
        "html": false,
        "json": true
      },
      "version": "5.2.0"
    }
  }
}